{"__type":"$$EventMessageAudit","id":"f5fc66ac-ac5b-4167-a808-9102ebca8dae","ts":"2025-12-09T14:01:31.095-03:00","eventName":"n8n.audit.workflow.updated","message":"n8n.audit.workflow.updated","payload":{"userId":"8a3da00b-06a9-4bf7-a770-d13897efa6bc","_email":"maria.fernandabt99+n8n.io@gmail.com","_firstName":"Maria","_lastName":"Fernanda","globalRole":"global:owner","workflowId":"PK6vOIiF1c4jKq3d","workflowName":"🚀 Fraud Pipeline NO PYTHON"}}
{"__type":"$$EventMessageConfirm","confirm":"f5fc66ac-ac5b-4167-a808-9102ebca8dae","ts":"2025-12-09T14:01:31.096-03:00","source":{"id":"0","name":"eventBus"}}
{"__type":"$$EventMessageAudit","id":"a32f878c-968d-4005-8b03-5249c23b50d0","ts":"2025-12-09T14:01:44.374-03:00","eventName":"n8n.audit.workflow.updated","message":"n8n.audit.workflow.updated","payload":{"userId":"8a3da00b-06a9-4bf7-a770-d13897efa6bc","_email":"maria.fernandabt99+n8n.io@gmail.com","_firstName":"Maria","_lastName":"Fernanda","globalRole":"global:owner","workflowId":"GEZBHThQ7xtyHI3Z","workflowName":"fraud-pipeline"}}
{"__type":"$$EventMessageConfirm","confirm":"a32f878c-968d-4005-8b03-5249c23b50d0","ts":"2025-12-09T14:01:44.375-03:00","source":{"id":"0","name":"eventBus"}}
{"__type":"$$EventMessageWorkflow","id":"7e1df859-21a8-469b-88da-8240fe04fdc4","ts":"2025-12-09T14:01:51.695-03:00","eventName":"n8n.workflow.started","message":"n8n.workflow.started","payload":{"executionId":"46","workflowId":"GEZBHThQ7xtyHI3Z","isManual":false,"workflowName":"fraud-pipeline"}}
{"__type":"$$EventMessageConfirm","confirm":"7e1df859-21a8-469b-88da-8240fe04fdc4","ts":"2025-12-09T14:01:51.695-03:00","source":{"id":"0","name":"eventBus"}}
{"__type":"$$EventMessageNode","id":"56538994-f680-436d-98fd-c4eed93fa1d2","ts":"2025-12-09T14:01:51.696-03:00","eventName":"n8n.node.started","message":"n8n.node.started","payload":{"workflowId":"GEZBHThQ7xtyHI3Z","workflowName":"fraud-pipeline","executionId":"46","nodeType":"n8n-nodes-base.webhook","nodeName":"Webhook","nodeId":"cdb34764-f426-42aa-bd89-f20bc86c528e"}}
{"__type":"$$EventMessageConfirm","confirm":"56538994-f680-436d-98fd-c4eed93fa1d2","ts":"2025-12-09T14:01:51.696-03:00","source":{"id":"0","name":"eventBus"}}
{"__type":"$$EventMessageNode","id":"759a7b51-7a4b-4db9-962d-dd146419ea0b","ts":"2025-12-09T14:01:51.699-03:00","eventName":"n8n.node.finished","message":"n8n.node.finished","payload":{"workflowId":"GEZBHThQ7xtyHI3Z","workflowName":"fraud-pipeline","executionId":"46","nodeType":"n8n-nodes-base.webhook","nodeName":"Webhook","nodeId":"cdb34764-f426-42aa-bd89-f20bc86c528e"}}
{"__type":"$$EventMessageConfirm","confirm":"759a7b51-7a4b-4db9-962d-dd146419ea0b","ts":"2025-12-09T14:01:51.699-03:00","source":{"id":"0","name":"eventBus"}}
{"__type":"$$EventMessageNode","id":"de88f62c-4dff-4cf9-875c-5eba052fa4fc","ts":"2025-12-09T14:01:51.700-03:00","eventName":"n8n.node.started","message":"n8n.node.started","payload":{"workflowId":"GEZBHThQ7xtyHI3Z","workflowName":"fraud-pipeline","executionId":"46","nodeType":"n8n-nodes-base.code","nodeName":"Parse Transaction Data","nodeId":"5eb6dfe5-f9ad-4e6a-8ef3-6f7b885339d7"}}
{"__type":"$$EventMessageConfirm","confirm":"de88f62c-4dff-4cf9-875c-5eba052fa4fc","ts":"2025-12-09T14:01:51.700-03:00","source":{"id":"0","name":"eventBus"}}
{"__type":"$$EventMessageRunner","id":"297ee900-8313-4e45-b58d-526abd8f737a","ts":"2025-12-09T14:01:51.719-03:00","eventName":"n8n.runner.task.requested","message":"n8n.runner.task.requested","payload":{"taskId":"K3RYcTTm","nodeId":"5eb6dfe5-f9ad-4e6a-8ef3-6f7b885339d7","workflowId":"GEZBHThQ7xtyHI3Z","executionId":"46"}}
{"__type":"$$EventMessageConfirm","confirm":"297ee900-8313-4e45-b58d-526abd8f737a","ts":"2025-12-09T14:01:51.719-03:00","source":{"id":"0","name":"eventBus"}}
{"__type":"$$EventMessageRunner","id":"77be6974-87bd-4352-a699-a2e8a7655202","ts":"2025-12-09T14:01:51.778-03:00","eventName":"n8n.runner.response.received","message":"n8n.runner.response.received","payload":{"taskId":"K3RYcTTm","nodeId":"5eb6dfe5-f9ad-4e6a-8ef3-6f7b885339d7","workflowId":"GEZBHThQ7xtyHI3Z","executionId":"46"}}
{"__type":"$$EventMessageConfirm","confirm":"77be6974-87bd-4352-a699-a2e8a7655202","ts":"2025-12-09T14:01:51.778-03:00","source":{"id":"0","name":"eventBus"}}
{"__type":"$$EventMessageNode","id":"3e60e24f-6cd1-4a1d-9438-e22eadb050d8","ts":"2025-12-09T14:01:51.779-03:00","eventName":"n8n.node.finished","message":"n8n.node.finished","payload":{"workflowId":"GEZBHThQ7xtyHI3Z","workflowName":"fraud-pipeline","executionId":"46","nodeType":"n8n-nodes-base.code","nodeName":"Parse Transaction Data","nodeId":"5eb6dfe5-f9ad-4e6a-8ef3-6f7b885339d7"}}
{"__type":"$$EventMessageConfirm","confirm":"3e60e24f-6cd1-4a1d-9438-e22eadb050d8","ts":"2025-12-09T14:01:51.779-03:00","source":{"id":"0","name":"eventBus"}}
{"__type":"$$EventMessageNode","id":"93494121-b940-44a9-a07b-2f254e2ccab9","ts":"2025-12-09T14:01:51.780-03:00","eventName":"n8n.node.started","message":"n8n.node.started","payload":{"workflowId":"GEZBHThQ7xtyHI3Z","workflowName":"fraud-pipeline","executionId":"46","nodeType":"n8n-nodes-base.if","nodeName":"If","nodeId":"8202c85c-0c2e-4d94-82b8-68fdd17ff6db"}}
{"__type":"$$EventMessageConfirm","confirm":"93494121-b940-44a9-a07b-2f254e2ccab9","ts":"2025-12-09T14:01:51.780-03:00","source":{"id":"0","name":"eventBus"}}
{"__type":"$$EventMessageNode","id":"f68cca5d-528d-4768-9cde-3eb7d8a53a60","ts":"2025-12-09T14:01:51.788-03:00","eventName":"n8n.node.finished","message":"n8n.node.finished","payload":{"workflowId":"GEZBHThQ7xtyHI3Z","workflowName":"fraud-pipeline","executionId":"46","nodeType":"n8n-nodes-base.if","nodeName":"If","nodeId":"8202c85c-0c2e-4d94-82b8-68fdd17ff6db"}}
{"__type":"$$EventMessageConfirm","confirm":"f68cca5d-528d-4768-9cde-3eb7d8a53a60","ts":"2025-12-09T14:01:51.788-03:00","source":{"id":"0","name":"eventBus"}}
{"__type":"$$EventMessageNode","id":"a86bd3e2-72c1-4a3f-a892-857012c494f8","ts":"2025-12-09T14:01:51.789-03:00","eventName":"n8n.node.started","message":"n8n.node.started","payload":{"workflowId":"GEZBHThQ7xtyHI3Z","workflowName":"fraud-pipeline","executionId":"46","nodeType":"n8n-nodes-base.httpRequest","nodeName":"HTTP Request","nodeId":"b5abd757-4b64-4306-ad2b-c644df86cbf6"}}
{"__type":"$$EventMessageConfirm","confirm":"a86bd3e2-72c1-4a3f-a892-857012c494f8","ts":"2025-12-09T14:01:51.789-03:00","source":{"id":"0","name":"eventBus"}}
{"__type":"$$EventMessageNode","id":"0adeb5f8-bcc3-4a11-8bb9-9f1766321a85","ts":"2025-12-09T14:01:51.863-03:00","eventName":"n8n.node.finished","message":"n8n.node.finished","payload":{"workflowId":"GEZBHThQ7xtyHI3Z","workflowName":"fraud-pipeline","executionId":"46","nodeType":"n8n-nodes-base.httpRequest","nodeName":"HTTP Request","nodeId":"b5abd757-4b64-4306-ad2b-c644df86cbf6"}}
{"__type":"$$EventMessageConfirm","confirm":"0adeb5f8-bcc3-4a11-8bb9-9f1766321a85","ts":"2025-12-09T14:01:51.863-03:00","source":{"id":"0","name":"eventBus"}}
{"__type":"$$EventMessageNode","id":"4e99ff86-9b67-4f76-bb8f-46605b5a7cb4","ts":"2025-12-09T14:01:51.864-03:00","eventName":"n8n.node.started","message":"n8n.node.started","payload":{"workflowId":"GEZBHThQ7xtyHI3Z","workflowName":"fraud-pipeline","executionId":"46","nodeType":"n8n-nodes-base.code","nodeName":"Format UI","nodeId":"f74af63a-abdb-4021-890b-3db963f9fecd"}}
{"__type":"$$EventMessageConfirm","confirm":"4e99ff86-9b67-4f76-bb8f-46605b5a7cb4","ts":"2025-12-09T14:01:51.864-03:00","source":{"id":"0","name":"eventBus"}}
{"__type":"$$EventMessageRunner","id":"a83ddcf8-82db-4886-9119-a58ba79f5902","ts":"2025-12-09T14:01:51.866-03:00","eventName":"n8n.runner.task.requested","message":"n8n.runner.task.requested","payload":{"taskId":"OQ5RDpUC","nodeId":"f74af63a-abdb-4021-890b-3db963f9fecd","workflowId":"GEZBHThQ7xtyHI3Z","executionId":"46"}}
{"__type":"$$EventMessageConfirm","confirm":"a83ddcf8-82db-4886-9119-a58ba79f5902","ts":"2025-12-09T14:01:51.866-03:00","source":{"id":"0","name":"eventBus"}}
{"__type":"$$EventMessageRunner","id":"ec0d5530-510b-4ed3-93ca-1b8574afc20b","ts":"2025-12-09T14:01:51.884-03:00","eventName":"n8n.runner.response.received","message":"n8n.runner.response.received","payload":{"taskId":"OQ5RDpUC","nodeId":"f74af63a-abdb-4021-890b-3db963f9fecd","workflowId":"GEZBHThQ7xtyHI3Z","executionId":"46"}}
{"__type":"$$EventMessageConfirm","confirm":"ec0d5530-510b-4ed3-93ca-1b8574afc20b","ts":"2025-12-09T14:01:51.884-03:00","source":{"id":"0","name":"eventBus"}}
{"__type":"$$EventMessageNode","id":"e8cee1ba-e321-4cb3-8c51-d13c17e1ac8e","ts":"2025-12-09T14:01:51.884-03:00","eventName":"n8n.node.finished","message":"n8n.node.finished","payload":{"workflowId":"GEZBHThQ7xtyHI3Z","workflowName":"fraud-pipeline","executionId":"46","nodeType":"n8n-nodes-base.code","nodeName":"Format UI","nodeId":"f74af63a-abdb-4021-890b-3db963f9fecd"}}
{"__type":"$$EventMessageConfirm","confirm":"e8cee1ba-e321-4cb3-8c51-d13c17e1ac8e","ts":"2025-12-09T14:01:51.884-03:00","source":{"id":"0","name":"eventBus"}}
{"__type":"$$EventMessageWorkflow","id":"6de57c52-5f31-4e68-8289-067388eb3159","ts":"2025-12-09T14:01:51.887-03:00","eventName":"n8n.workflow.success","message":"n8n.workflow.success","payload":{"executionId":"46","success":true,"isManual":false,"workflowId":"GEZBHThQ7xtyHI3Z","workflowName":"fraud-pipeline"}}
{"__type":"$$EventMessageConfirm","confirm":"6de57c52-5f31-4e68-8289-067388eb3159","ts":"2025-12-09T14:01:51.887-03:00","source":{"id":"0","name":"eventBus"}}
{"__type":"$$EventMessageWorkflow","id":"c41dff21-9ccb-4aa7-9d5d-7ee24f588746","ts":"2025-12-09T14:29:58.697-03:00","eventName":"n8n.workflow.started","message":"n8n.workflow.started","payload":{"executionId":"47","workflowId":"GEZBHThQ7xtyHI3Z","isManual":false,"workflowName":"fraud-pipeline"}}
{"__type":"$$EventMessageConfirm","confirm":"c41dff21-9ccb-4aa7-9d5d-7ee24f588746","ts":"2025-12-09T14:29:58.698-03:00","source":{"id":"0","name":"eventBus"}}
{"__type":"$$EventMessageNode","id":"625cf928-e5e5-4ecd-ba4e-b0a2384bd610","ts":"2025-12-09T14:29:58.699-03:00","eventName":"n8n.node.started","message":"n8n.node.started","payload":{"workflowId":"GEZBHThQ7xtyHI3Z","workflowName":"fraud-pipeline","executionId":"47","nodeType":"n8n-nodes-base.webhook","nodeName":"Webhook","nodeId":"cdb34764-f426-42aa-bd89-f20bc86c528e"}}
{"__type":"$$EventMessageConfirm","confirm":"625cf928-e5e5-4ecd-ba4e-b0a2384bd610","ts":"2025-12-09T14:29:58.699-03:00","source":{"id":"0","name":"eventBus"}}
{"__type":"$$EventMessageNode","id":"294956a1-3495-4b9e-93bf-c301d08f8ed6","ts":"2025-12-09T14:29:58.700-03:00","eventName":"n8n.node.finished","message":"n8n.node.finished","payload":{"workflowId":"GEZBHThQ7xtyHI3Z","workflowName":"fraud-pipeline","executionId":"47","nodeType":"n8n-nodes-base.webhook","nodeName":"Webhook","nodeId":"cdb34764-f426-42aa-bd89-f20bc86c528e"}}
{"__type":"$$EventMessageConfirm","confirm":"294956a1-3495-4b9e-93bf-c301d08f8ed6","ts":"2025-12-09T14:29:58.700-03:00","source":{"id":"0","name":"eventBus"}}
{"__type":"$$EventMessageNode","id":"84af741a-6f83-443e-964d-883a8d6fbbb1","ts":"2025-12-09T14:29:58.701-03:00","eventName":"n8n.node.started","message":"n8n.node.started","payload":{"workflowId":"GEZBHThQ7xtyHI3Z","workflowName":"fraud-pipeline","executionId":"47","nodeType":"n8n-nodes-base.code","nodeName":"Parse Transaction Data","nodeId":"5eb6dfe5-f9ad-4e6a-8ef3-6f7b885339d7"}}
{"__type":"$$EventMessageConfirm","confirm":"84af741a-6f83-443e-964d-883a8d6fbbb1","ts":"2025-12-09T14:29:58.701-03:00","source":{"id":"0","name":"eventBus"}}
{"__type":"$$EventMessageRunner","id":"1e548410-bc15-4ce2-9119-2cc94a671d9a","ts":"2025-12-09T14:29:58.709-03:00","eventName":"n8n.runner.task.requested","message":"n8n.runner.task.requested","payload":{"taskId":"b8ivayqo","nodeId":"5eb6dfe5-f9ad-4e6a-8ef3-6f7b885339d7","workflowId":"GEZBHThQ7xtyHI3Z","executionId":"47"}}
{"__type":"$$EventMessageConfirm","confirm":"1e548410-bc15-4ce2-9119-2cc94a671d9a","ts":"2025-12-09T14:29:58.709-03:00","source":{"id":"0","name":"eventBus"}}
{"__type":"$$EventMessageRunner","id":"ebff2b9e-43df-4e49-96c9-565514227439","ts":"2025-12-09T14:29:58.736-03:00","eventName":"n8n.runner.response.received","message":"n8n.runner.response.received","payload":{"taskId":"b8ivayqo","nodeId":"5eb6dfe5-f9ad-4e6a-8ef3-6f7b885339d7","workflowId":"GEZBHThQ7xtyHI3Z","executionId":"47"}}
{"__type":"$$EventMessageConfirm","confirm":"ebff2b9e-43df-4e49-96c9-565514227439","ts":"2025-12-09T14:29:58.736-03:00","source":{"id":"0","name":"eventBus"}}
{"__type":"$$EventMessageNode","id":"efd668f5-f47d-4721-abe2-a4c9ba60512a","ts":"2025-12-09T14:29:58.737-03:00","eventName":"n8n.node.finished","message":"n8n.node.finished","payload":{"workflowId":"GEZBHThQ7xtyHI3Z","workflowName":"fraud-pipeline","executionId":"47","nodeType":"n8n-nodes-base.code","nodeName":"Parse Transaction Data","nodeId":"5eb6dfe5-f9ad-4e6a-8ef3-6f7b885339d7"}}
{"__type":"$$EventMessageConfirm","confirm":"efd668f5-f47d-4721-abe2-a4c9ba60512a","ts":"2025-12-09T14:29:58.737-03:00","source":{"id":"0","name":"eventBus"}}
{"__type":"$$EventMessageNode","id":"32cf528e-aeef-49bd-a213-07c2a72220d8","ts":"2025-12-09T14:29:58.738-03:00","eventName":"n8n.node.started","message":"n8n.node.started","payload":{"workflowId":"GEZBHThQ7xtyHI3Z","workflowName":"fraud-pipeline","executionId":"47","nodeType":"n8n-nodes-base.if","nodeName":"If","nodeId":"8202c85c-0c2e-4d94-82b8-68fdd17ff6db"}}
{"__type":"$$EventMessageConfirm","confirm":"32cf528e-aeef-49bd-a213-07c2a72220d8","ts":"2025-12-09T14:29:58.738-03:00","source":{"id":"0","name":"eventBus"}}
{"__type":"$$EventMessageNode","id":"85e8e465-9004-4793-9d0d-1186681db9e7","ts":"2025-12-09T14:29:58.741-03:00","eventName":"n8n.node.finished","message":"n8n.node.finished","payload":{"workflowId":"GEZBHThQ7xtyHI3Z","workflowName":"fraud-pipeline","executionId":"47","nodeType":"n8n-nodes-base.if","nodeName":"If","nodeId":"8202c85c-0c2e-4d94-82b8-68fdd17ff6db"}}
{"__type":"$$EventMessageConfirm","confirm":"85e8e465-9004-4793-9d0d-1186681db9e7","ts":"2025-12-09T14:29:58.741-03:00","source":{"id":"0","name":"eventBus"}}
{"__type":"$$EventMessageNode","id":"e0701fea-b5b2-46e9-af22-093c03e7a680","ts":"2025-12-09T14:29:58.741-03:00","eventName":"n8n.node.started","message":"n8n.node.started","payload":{"workflowId":"GEZBHThQ7xtyHI3Z","workflowName":"fraud-pipeline","executionId":"47","nodeType":"n8n-nodes-base.httpRequest","nodeName":"HTTP Request","nodeId":"b5abd757-4b64-4306-ad2b-c644df86cbf6"}}
{"__type":"$$EventMessageConfirm","confirm":"e0701fea-b5b2-46e9-af22-093c03e7a680","ts":"2025-12-09T14:29:58.741-03:00","source":{"id":"0","name":"eventBus"}}
{"__type":"$$EventMessageNode","id":"acabdc4c-8aca-49dd-af6a-21a60ee4ccf4","ts":"2025-12-09T14:29:58.798-03:00","eventName":"n8n.node.finished","message":"n8n.node.finished","payload":{"workflowId":"GEZBHThQ7xtyHI3Z","workflowName":"fraud-pipeline","executionId":"47","nodeType":"n8n-nodes-base.httpRequest","nodeName":"HTTP Request","nodeId":"b5abd757-4b64-4306-ad2b-c644df86cbf6"}}
{"__type":"$$EventMessageConfirm","confirm":"acabdc4c-8aca-49dd-af6a-21a60ee4ccf4","ts":"2025-12-09T14:29:58.798-03:00","source":{"id":"0","name":"eventBus"}}
{"__type":"$$EventMessageNode","id":"78ad00b6-5f82-41f0-89b8-b9c71a5ce3fe","ts":"2025-12-09T14:29:58.798-03:00","eventName":"n8n.node.started","message":"n8n.node.started","payload":{"workflowId":"GEZBHThQ7xtyHI3Z","workflowName":"fraud-pipeline","executionId":"47","nodeType":"n8n-nodes-base.code","nodeName":"Format UI","nodeId":"f74af63a-abdb-4021-890b-3db963f9fecd"}}
{"__type":"$$EventMessageConfirm","confirm":"78ad00b6-5f82-41f0-89b8-b9c71a5ce3fe","ts":"2025-12-09T14:29:58.798-03:00","source":{"id":"0","name":"eventBus"}}
{"__type":"$$EventMessageRunner","id":"148c6de2-b4ea-4688-a039-c99a6fea3647","ts":"2025-12-09T14:29:58.800-03:00","eventName":"n8n.runner.task.requested","message":"n8n.runner.task.requested","payload":{"taskId":"-TpDW-L2","nodeId":"f74af63a-abdb-4021-890b-3db963f9fecd","workflowId":"GEZBHThQ7xtyHI3Z","executionId":"47"}}
{"__type":"$$EventMessageConfirm","confirm":"148c6de2-b4ea-4688-a039-c99a6fea3647","ts":"2025-12-09T14:29:58.801-03:00","source":{"id":"0","name":"eventBus"}}
{"__type":"$$EventMessageRunner","id":"624153b3-a1de-415c-98df-718429259a0e","ts":"2025-12-09T14:29:58.828-03:00","eventName":"n8n.runner.response.received","message":"n8n.runner.response.received","payload":{"taskId":"-TpDW-L2","nodeId":"f74af63a-abdb-4021-890b-3db963f9fecd","workflowId":"GEZBHThQ7xtyHI3Z","executionId":"47"}}
{"__type":"$$EventMessageConfirm","confirm":"624153b3-a1de-415c-98df-718429259a0e","ts":"2025-12-09T14:29:58.828-03:00","source":{"id":"0","name":"eventBus"}}
{"__type":"$$EventMessageNode","id":"806f47c3-c097-412d-95ad-5da659ea6a38","ts":"2025-12-09T14:29:58.828-03:00","eventName":"n8n.node.finished","message":"n8n.node.finished","payload":{"workflowId":"GEZBHThQ7xtyHI3Z","workflowName":"fraud-pipeline","executionId":"47","nodeType":"n8n-nodes-base.code","nodeName":"Format UI","nodeId":"f74af63a-abdb-4021-890b-3db963f9fecd"}}
{"__type":"$$EventMessageConfirm","confirm":"806f47c3-c097-412d-95ad-5da659ea6a38","ts":"2025-12-09T14:29:58.829-03:00","source":{"id":"0","name":"eventBus"}}
{"__type":"$$EventMessageWorkflow","id":"3e5a4253-2ee2-4422-aed7-7375ac09d16b","ts":"2025-12-09T14:29:58.830-03:00","eventName":"n8n.workflow.success","message":"n8n.workflow.success","payload":{"executionId":"47","success":true,"isManual":false,"workflowId":"GEZBHThQ7xtyHI3Z","workflowName":"fraud-pipeline"}}
{"__type":"$$EventMessageConfirm","confirm":"3e5a4253-2ee2-4422-aed7-7375ac09d16b","ts":"2025-12-09T14:29:58.830-03:00","source":{"id":"0","name":"eventBus"}}
{"__type":"$$EventMessageWorkflow","id":"e287f235-31d6-472e-88da-d57c5ce28d90","ts":"2025-12-09T14:57:24.667-03:00","eventName":"n8n.workflow.started","message":"n8n.workflow.started","payload":{"executionId":"48","workflowId":"GEZBHThQ7xtyHI3Z","isManual":false,"workflowName":"fraud-pipeline"}}
{"__type":"$$EventMessageConfirm","confirm":"e287f235-31d6-472e-88da-d57c5ce28d90","ts":"2025-12-09T14:57:24.668-03:00","source":{"id":"0","name":"eventBus"}}
{"__type":"$$EventMessageNode","id":"eb1937ab-2250-4ee5-a6fe-bedd2fdd8b18","ts":"2025-12-09T14:57:24.670-03:00","eventName":"n8n.node.started","message":"n8n.node.started","payload":{"workflowId":"GEZBHThQ7xtyHI3Z","workflowName":"fraud-pipeline","executionId":"48","nodeType":"n8n-nodes-base.webhook","nodeName":"Webhook","nodeId":"cdb34764-f426-42aa-bd89-f20bc86c528e"}}
{"__type":"$$EventMessageConfirm","confirm":"eb1937ab-2250-4ee5-a6fe-bedd2fdd8b18","ts":"2025-12-09T14:57:24.671-03:00","source":{"id":"0","name":"eventBus"}}
{"__type":"$$EventMessageNode","id":"67c8e510-dfce-4bdf-ae89-690d5e1e1cd3","ts":"2025-12-09T14:57:24.672-03:00","eventName":"n8n.node.finished","message":"n8n.node.finished","payload":{"workflowId":"GEZBHThQ7xtyHI3Z","workflowName":"fraud-pipeline","executionId":"48","nodeType":"n8n-nodes-base.webhook","nodeName":"Webhook","nodeId":"cdb34764-f426-42aa-bd89-f20bc86c528e"}}
{"__type":"$$EventMessageConfirm","confirm":"67c8e510-dfce-4bdf-ae89-690d5e1e1cd3","ts":"2025-12-09T14:57:24.673-03:00","source":{"id":"0","name":"eventBus"}}
{"__type":"$$EventMessageNode","id":"0ab90709-bee0-4021-be4d-ae448818a9e4","ts":"2025-12-09T14:57:24.673-03:00","eventName":"n8n.node.started","message":"n8n.node.started","payload":{"workflowId":"GEZBHThQ7xtyHI3Z","workflowName":"fraud-pipeline","executionId":"48","nodeType":"n8n-nodes-base.code","nodeName":"Parse Transaction Data","nodeId":"5eb6dfe5-f9ad-4e6a-8ef3-6f7b885339d7"}}
{"__type":"$$EventMessageConfirm","confirm":"0ab90709-bee0-4021-be4d-ae448818a9e4","ts":"2025-12-09T14:57:24.674-03:00","source":{"id":"0","name":"eventBus"}}
{"__type":"$$EventMessageRunner","id":"61a86eab-dcd1-4ee8-bf08-c2f5e3369a5d","ts":"2025-12-09T14:57:24.697-03:00","eventName":"n8n.runner.task.requested","message":"n8n.runner.task.requested","payload":{"taskId":"GwyVqhde","nodeId":"5eb6dfe5-f9ad-4e6a-8ef3-6f7b885339d7","workflowId":"GEZBHThQ7xtyHI3Z","executionId":"48"}}
{"__type":"$$EventMessageConfirm","confirm":"61a86eab-dcd1-4ee8-bf08-c2f5e3369a5d","ts":"2025-12-09T14:57:24.698-03:00","source":{"id":"0","name":"eventBus"}}
{"__type":"$$EventMessageRunner","id":"84c3ae6f-9655-484b-b712-b9bef2b7ecc2","ts":"2025-12-09T14:57:24.771-03:00","eventName":"n8n.runner.response.received","message":"n8n.runner.response.received","payload":{"taskId":"GwyVqhde","nodeId":"5eb6dfe5-f9ad-4e6a-8ef3-6f7b885339d7","workflowId":"GEZBHThQ7xtyHI3Z","executionId":"48"}}
{"__type":"$$EventMessageConfirm","confirm":"84c3ae6f-9655-484b-b712-b9bef2b7ecc2","ts":"2025-12-09T14:57:24.772-03:00","source":{"id":"0","name":"eventBus"}}
{"__type":"$$EventMessageNode","id":"f981d220-b146-434e-a65b-3f00e033deb0","ts":"2025-12-09T14:57:24.773-03:00","eventName":"n8n.node.finished","message":"n8n.node.finished","payload":{"workflowId":"GEZBHThQ7xtyHI3Z","workflowName":"fraud-pipeline","executionId":"48","nodeType":"n8n-nodes-base.code","nodeName":"Parse Transaction Data","nodeId":"5eb6dfe5-f9ad-4e6a-8ef3-6f7b885339d7"}}
{"__type":"$$EventMessageConfirm","confirm":"f981d220-b146-434e-a65b-3f00e033deb0","ts":"2025-12-09T14:57:24.774-03:00","source":{"id":"0","name":"eventBus"}}
{"__type":"$$EventMessageNode","id":"51e08999-ee41-4c7c-bb6d-c6a7617dbf0e","ts":"2025-12-09T14:57:24.775-03:00","eventName":"n8n.node.started","message":"n8n.node.started","payload":{"workflowId":"GEZBHThQ7xtyHI3Z","workflowName":"fraud-pipeline","executionId":"48","nodeType":"n8n-nodes-base.if","nodeName":"If","nodeId":"8202c85c-0c2e-4d94-82b8-68fdd17ff6db"}}
{"__type":"$$EventMessageConfirm","confirm":"51e08999-ee41-4c7c-bb6d-c6a7617dbf0e","ts":"2025-12-09T14:57:24.775-03:00","source":{"id":"0","name":"eventBus"}}
{"__type":"$$EventMessageNode","id":"eb612072-3775-4268-9779-4f5571bd9eb7","ts":"2025-12-09T14:57:24.780-03:00","eventName":"n8n.node.finished","message":"n8n.node.finished","payload":{"workflowId":"GEZBHThQ7xtyHI3Z","workflowName":"fraud-pipeline","executionId":"48","nodeType":"n8n-nodes-base.if","nodeName":"If","nodeId":"8202c85c-0c2e-4d94-82b8-68fdd17ff6db"}}
{"__type":"$$EventMessageConfirm","confirm":"eb612072-3775-4268-9779-4f5571bd9eb7","ts":"2025-12-09T14:57:24.781-03:00","source":{"id":"0","name":"eventBus"}}
{"__type":"$$EventMessageNode","id":"7f9c5766-8cef-46a6-95b0-2dab80f3e92f","ts":"2025-12-09T14:57:24.781-03:00","eventName":"n8n.node.started","message":"n8n.node.started","payload":{"workflowId":"GEZBHThQ7xtyHI3Z","workflowName":"fraud-pipeline","executionId":"48","nodeType":"n8n-nodes-base.httpRequest","nodeName":"HTTP Request","nodeId":"b5abd757-4b64-4306-ad2b-c644df86cbf6"}}
{"__type":"$$EventMessageConfirm","confirm":"7f9c5766-8cef-46a6-95b0-2dab80f3e92f","ts":"2025-12-09T14:57:24.782-03:00","source":{"id":"0","name":"eventBus"}}
{"__type":"$$EventMessageNode","id":"4a801098-7259-475a-8c9a-b4e5981ab49c","ts":"2025-12-09T14:57:24.891-03:00","eventName":"n8n.node.finished","message":"n8n.node.finished","payload":{"workflowId":"GEZBHThQ7xtyHI3Z","workflowName":"fraud-pipeline","executionId":"48","nodeType":"n8n-nodes-base.httpRequest","nodeName":"HTTP Request","nodeId":"b5abd757-4b64-4306-ad2b-c644df86cbf6"}}
{"__type":"$$EventMessageConfirm","confirm":"4a801098-7259-475a-8c9a-b4e5981ab49c","ts":"2025-12-09T14:57:24.892-03:00","source":{"id":"0","name":"eventBus"}}
{"__type":"$$EventMessageNode","id":"a72c2134-709c-4b35-b029-3f71d0467283","ts":"2025-12-09T14:57:24.894-03:00","eventName":"n8n.node.started","message":"n8n.node.started","payload":{"workflowId":"GEZBHThQ7xtyHI3Z","workflowName":"fraud-pipeline","executionId":"48","nodeType":"n8n-nodes-base.code","nodeName":"Format UI","nodeId":"f74af63a-abdb-4021-890b-3db963f9fecd"}}
{"__type":"$$EventMessageConfirm","confirm":"a72c2134-709c-4b35-b029-3f71d0467283","ts":"2025-12-09T14:57:24.895-03:00","source":{"id":"0","name":"eventBus"}}
{"__type":"$$EventMessageRunner","id":"1ce5d240-1986-4782-a603-020522b79390","ts":"2025-12-09T14:57:24.902-03:00","eventName":"n8n.runner.task.requested","message":"n8n.runner.task.requested","payload":{"taskId":"FFj0MCaV","nodeId":"f74af63a-abdb-4021-890b-3db963f9fecd","workflowId":"GEZBHThQ7xtyHI3Z","executionId":"48"}}
{"__type":"$$EventMessageConfirm","confirm":"1ce5d240-1986-4782-a603-020522b79390","ts":"2025-12-09T14:57:24.903-03:00","source":{"id":"0","name":"eventBus"}}
{"__type":"$$EventMessageRunner","id":"2f7a65bb-52df-4b75-a88d-ecdc2a184103","ts":"2025-12-09T14:57:24.946-03:00","eventName":"n8n.runner.response.received","message":"n8n.runner.response.received","payload":{"taskId":"FFj0MCaV","nodeId":"f74af63a-abdb-4021-890b-3db963f9fecd","workflowId":"GEZBHThQ7xtyHI3Z","executionId":"48"}}
{"__type":"$$EventMessageConfirm","confirm":"2f7a65bb-52df-4b75-a88d-ecdc2a184103","ts":"2025-12-09T14:57:24.947-03:00","source":{"id":"0","name":"eventBus"}}
{"__type":"$$EventMessageNode","id":"8c5c77a5-9f35-4b87-a524-443ea42e75bb","ts":"2025-12-09T14:57:24.950-03:00","eventName":"n8n.node.finished","message":"n8n.node.finished","payload":{"workflowId":"GEZBHThQ7xtyHI3Z","workflowName":"fraud-pipeline","executionId":"48","nodeType":"n8n-nodes-base.code","nodeName":"Format UI","nodeId":"f74af63a-abdb-4021-890b-3db963f9fecd"}}
{"__type":"$$EventMessageConfirm","confirm":"8c5c77a5-9f35-4b87-a524-443ea42e75bb","ts":"2025-12-09T14:57:24.950-03:00","source":{"id":"0","name":"eventBus"}}
{"__type":"$$EventMessageWorkflow","id":"2c4f3835-4a75-4125-942a-521b3facc628","ts":"2025-12-09T14:57:24.952-03:00","eventName":"n8n.workflow.success","message":"n8n.workflow.success","payload":{"executionId":"48","success":true,"isManual":false,"workflowId":"GEZBHThQ7xtyHI3Z","workflowName":"fraud-pipeline"}}
{"__type":"$$EventMessageConfirm","confirm":"2c4f3835-4a75-4125-942a-521b3facc628","ts":"2025-12-09T14:57:24.952-03:00","source":{"id":"0","name":"eventBus"}}
